{"C:\\Users\\juliu\\Microverse\\to-do-list\\src\\modules\\dataStorage.js": {"path":"C:\\Users\\juliu\\Microverse\\to-do-list\\src\\modules\\dataStorage.js","statementMap":{"0":{"start":{"line":2,"column":23},"end":{"line":2,"column":79}}},"fnMap":{},"branchMap":{"0":{"loc":{"start":{"line":2,"column":23},"end":{"line":2,"column":79}},"type":"binary-expr","locations":[{"start":{"line":2,"column":23},"end":{"line":2,"column":73}},{"start":{"line":2,"column":77},"end":{"line":2,"column":79}}],"line":2}},"s":{"0":1},"f":{},"b":{"0":[1,1]},"_coverageSchema":"1a1c01bbd47fc00a2c39e90264f33305004495a9","hash":"f1b40c6493be135d0c1b47180ccedbed6fafc4e2"}
,"C:\\Users\\juliu\\Microverse\\to-do-list\\src\\modules\\task.js": {"path":"C:\\Users\\juliu\\Microverse\\to-do-list\\src\\modules\\task.js","statementMap":{"0":{"start":{"line":8,"column":4},"end":{"line":8,"column":23}},"1":{"start":{"line":9,"column":4},"end":{"line":9,"column":35}},"2":{"start":{"line":10,"column":4},"end":{"line":10,"column":31}}},"fnMap":{"0":{"name":"(anonymous_0)","decl":{"start":{"line":7,"column":2},"end":{"line":7,"column":3}},"loc":{"start":{"line":7,"column":45},"end":{"line":11,"column":3}},"line":7}},"branchMap":{},"s":{"0":2,"1":2,"2":2},"f":{"0":2},"b":{},"_coverageSchema":"1a1c01bbd47fc00a2c39e90264f33305004495a9","hash":"8d1919ffcbb5141e0e8949dc7f34d185a56b21ee"}
,"C:\\Users\\juliu\\Microverse\\to-do-list\\src\\modules\\tasklist.js": {"path":"C:\\Users\\juliu\\Microverse\\to-do-list\\src\\modules\\tasklist.js","statementMap":{"0":{"start":{"line":13,"column":4},"end":{"line":13,"column":38}},"1":{"start":{"line":16,"column":14},"end":{"line":22,"column":3}},"2":{"start":{"line":17,"column":4},"end":{"line":19,"column":7}},"3":{"start":{"line":18,"column":6},"end":{"line":18,"column":29}},"4":{"start":{"line":20,"column":4},"end":{"line":20,"column":60}},"5":{"start":{"line":21,"column":4},"end":{"line":21,"column":51}},"6":{"start":{"line":24,"column":13},"end":{"line":27,"column":3}},"7":{"start":{"line":25,"column":4},"end":{"line":25,"column":68}},"8":{"start":{"line":26,"column":4},"end":{"line":26,"column":22}},"9":{"start":{"line":29,"column":12},"end":{"line":33,"column":3}},"10":{"start":{"line":30,"column":15},"end":{"line":30,"column":25}},"11":{"start":{"line":31,"column":4},"end":{"line":31,"column":50}},"12":{"start":{"line":31,"column":34},"end":{"line":31,"column":48}},"13":{"start":{"line":32,"column":4},"end":{"line":32,"column":16}},"14":{"start":{"line":35,"column":15},"end":{"line":44,"column":3}},"15":{"start":{"line":36,"column":4},"end":{"line":36,"column":33}},"16":{"start":{"line":37,"column":4},"end":{"line":41,"column":7}},"17":{"start":{"line":38,"column":6},"end":{"line":40,"column":7}},"18":{"start":{"line":39,"column":8},"end":{"line":39,"column":42}},"19":{"start":{"line":42,"column":16},"end":{"line":42,"column":42}},"20":{"start":{"line":43,"column":4},"end":{"line":43,"column":35}},"21":{"start":{"line":46,"column":24},"end":{"line":50,"column":3}},"22":{"start":{"line":47,"column":4},"end":{"line":47,"column":33}},"23":{"start":{"line":48,"column":4},"end":{"line":48,"column":62}},"24":{"start":{"line":48,"column":45},"end":{"line":48,"column":60}},"25":{"start":{"line":49,"column":4},"end":{"line":49,"column":31}},"26":{"start":{"line":52,"column":15},"end":{"line":56,"column":3}},"27":{"start":{"line":53,"column":4},"end":{"line":53,"column":33}},"28":{"start":{"line":54,"column":4},"end":{"line":54,"column":92}},"29":{"start":{"line":54,"column":45},"end":{"line":54,"column":90}},"30":{"start":{"line":55,"column":4},"end":{"line":55,"column":31}},"31":{"start":{"line":58,"column":15},"end":{"line":66,"column":3}},"32":{"start":{"line":59,"column":4},"end":{"line":61,"column":5}},"33":{"start":{"line":60,"column":6},"end":{"line":60,"column":61}},"34":{"start":{"line":62,"column":4},"end":{"line":62,"column":33}},"35":{"start":{"line":63,"column":4},"end":{"line":63,"column":26}},"36":{"start":{"line":64,"column":16},"end":{"line":64,"column":42}},"37":{"start":{"line":65,"column":4},"end":{"line":65,"column":35}}},"fnMap":{"0":{"name":"(anonymous_0)","decl":{"start":{"line":12,"column":2},"end":{"line":12,"column":3}},"loc":{"start":{"line":12,"column":16},"end":{"line":14,"column":3}},"line":12},"1":{"name":"(anonymous_1)","decl":{"start":{"line":16,"column":14},"end":{"line":16,"column":15}},"loc":{"start":{"line":16,"column":25},"end":{"line":22,"column":3}},"line":16},"2":{"name":"(anonymous_2)","decl":{"start":{"line":17,"column":18},"end":{"line":17,"column":19}},"loc":{"start":{"line":17,"column":35},"end":{"line":19,"column":5}},"line":17},"3":{"name":"(anonymous_3)","decl":{"start":{"line":24,"column":13},"end":{"line":24,"column":14}},"loc":{"start":{"line":24,"column":19},"end":{"line":27,"column":3}},"line":24},"4":{"name":"(anonymous_4)","decl":{"start":{"line":29,"column":12},"end":{"line":29,"column":13}},"loc":{"start":{"line":29,"column":20},"end":{"line":33,"column":3}},"line":29},"5":{"name":"(anonymous_5)","decl":{"start":{"line":31,"column":27},"end":{"line":31,"column":28}},"loc":{"start":{"line":31,"column":34},"end":{"line":31,"column":48}},"line":31},"6":{"name":"(anonymous_6)","decl":{"start":{"line":35,"column":15},"end":{"line":35,"column":16}},"loc":{"start":{"line":35,"column":25},"end":{"line":44,"column":3}},"line":35},"7":{"name":"(anonymous_7)","decl":{"start":{"line":37,"column":23},"end":{"line":37,"column":24}},"loc":{"start":{"line":37,"column":41},"end":{"line":41,"column":5}},"line":37},"8":{"name":"(anonymous_8)","decl":{"start":{"line":46,"column":24},"end":{"line":46,"column":25}},"loc":{"start":{"line":46,"column":30},"end":{"line":50,"column":3}},"line":46},"9":{"name":"(anonymous_9)","decl":{"start":{"line":48,"column":35},"end":{"line":48,"column":36}},"loc":{"start":{"line":48,"column":45},"end":{"line":48,"column":60}},"line":48},"10":{"name":"(anonymous_10)","decl":{"start":{"line":52,"column":15},"end":{"line":52,"column":16}},"loc":{"start":{"line":52,"column":23},"end":{"line":56,"column":3}},"line":52},"11":{"name":"(anonymous_11)","decl":{"start":{"line":54,"column":35},"end":{"line":54,"column":36}},"loc":{"start":{"line":54,"column":45},"end":{"line":54,"column":90}},"line":54},"12":{"name":"(anonymous_12)","decl":{"start":{"line":58,"column":15},"end":{"line":58,"column":16}},"loc":{"start":{"line":58,"column":25},"end":{"line":66,"column":3}},"line":58}},"branchMap":{"0":{"loc":{"start":{"line":25,"column":17},"end":{"line":25,"column":67}},"type":"binary-expr","locations":[{"start":{"line":25,"column":17},"end":{"line":25,"column":61}},{"start":{"line":25,"column":65},"end":{"line":25,"column":67}}],"line":25},"1":{"loc":{"start":{"line":38,"column":6},"end":{"line":40,"column":7}},"type":"if","locations":[{"start":{"line":38,"column":6},"end":{"line":40,"column":7}},{"start":{},"end":{}}],"line":38},"2":{"loc":{"start":{"line":59,"column":4},"end":{"line":61,"column":5}},"type":"if","locations":[{"start":{"line":59,"column":4},"end":{"line":61,"column":5}},{"start":{},"end":{}}],"line":59},"3":{"loc":{"start":{"line":60,"column":14},"end":{"line":60,"column":59}},"type":"binary-expr","locations":[{"start":{"line":60,"column":14},"end":{"line":60,"column":41}},{"start":{"line":60,"column":45},"end":{"line":60,"column":59}}],"line":60}},"s":{"0":2,"1":2,"2":0,"3":0,"4":0,"5":0,"6":2,"7":2,"8":2,"9":2,"10":0,"11":0,"12":0,"13":0,"14":2,"15":0,"16":0,"17":0,"18":0,"19":0,"20":0,"21":2,"22":0,"23":0,"24":0,"25":0,"26":2,"27":0,"28":0,"29":0,"30":0,"31":2,"32":0,"33":0,"34":0,"35":0,"36":0,"37":0},"f":{"0":2,"1":0,"2":0,"3":2,"4":0,"5":0,"6":0,"7":0,"8":0,"9":0,"10":0,"11":0,"12":0},"b":{"0":[2,2],"1":[0,0],"2":[0,0],"3":[0,0]},"_coverageSchema":"1a1c01bbd47fc00a2c39e90264f33305004495a9","hash":"c622dfb5b69d0131a8a262dcee057f5fdf964f6d"}
}
